Welcome to Xilinx CORE Generator.
Help system initialized.
The IP Catalog has been reloaded.
Opening project file /home/brb/lapo2/incRam/coregen.cgp.
Customize and GenerateINFO:sim:172 - Generating IP...
Applying current project options...
Finished applying current project options.
Resolving generics for 'golden_ROM'...
Applying external generics to 'golden_ROM'...
Delivering associated files for 'golden_ROM'...
Delivering EJava files for 'golden_ROM'...
Generating implementation netlist for 'golden_ROM'...
INFO:sim - Pre-processing HDL files for 'golden_ROM'...
Running synthesis for 'golden_ROM'
Running ngcbuild...
Writing VHO instantiation template for 'golden_ROM'...
Writing VHDL behavioral simulation model for 'golden_ROM'...
WARNING:sim - Overwriting existing file
   /home/brb/lapo2/incRam/tmp/_cg/golden_ROM/doc/blk_mem_gen_v7_3_vinfo.html
   with file from view xilinx_documentation
Delivered 1 file into directory /home/brb/lapo2/incRam/tmp/_cg/golden_ROM
Generating ASY schematic symbol...
INFO:sim:949 - Finished generation of ASY schematic symbol.
Generating metadata file...
Generating ISE project file for 'golden_ROM'...
Generating ISE project...
XCO file found: golden_ROM.xco
XMDF file found: golden_ROM_xmdf.tcl
Adding /home/brb/lapo2/incRam/tmp/_cg/golden_ROM.asy -view all -origin_type
imported
Adding /home/brb/lapo2/incRam/tmp/_cg/golden_ROM.ngc -view all -origin_type
created
Checking file "/home/brb/lapo2/incRam/tmp/_cg/golden_ROM.ngc" for project device
match ...
File "/home/brb/lapo2/incRam/tmp/_cg/golden_ROM.ngc" device information matches
project device.
Adding /home/brb/lapo2/incRam/tmp/_cg/golden_ROM.vhd -view all -origin_type
created
INFO:HDLCompiler:1061 - Parsing VHDL file
   "/home/brb/lapo2/incRam/tmp/_cg/golden_ROM.vhd" into library work
INFO:ProjectMgmt - Parsing design hierarchy completed successfully.
Adding /home/brb/lapo2/incRam/tmp/_cg/golden_ROM.vho -view all -origin_type
imported
INFO:TclTasksC:2116 - The automatic calculation of top has been turned-off.
   Please set the new top explicitly by running the "project set top" command.
   To re-calculate the new top automatically, set the "Auto Implementation Top"
   property to true.
Top level has been set to "/golden_ROM"
Generating README file...
Generating FLIST file...
INFO:sim:948 - Finished FLIST file generation.
Launching README viewer...
Moving files to output directory...
Finished moving files to output directory
Saved CGP file for project 'coregen'.
Closed project file.
