Release 14.7 - xst P.20131013 (lin64)
Copyright (c) 1995-2013 Xilinx, Inc.  All rights reserved.
--> 
Parameter TMPDIR set to xst/projnav.tmp


Total REAL time to Xst completion: 0.00 secs
Total CPU time to Xst completion: 0.05 secs
 
--> 
Parameter xsthdpdir set to xst


Total REAL time to Xst completion: 0.00 secs
Total CPU time to Xst completion: 0.05 secs
 
--> 
Reading design: controllerB.prj

TABLE OF CONTENTS
  1) Synthesis Options Summary
  2) HDL Parsing
  3) HDL Elaboration
  4) HDL Synthesis
       4.1) HDL Synthesis Report
  5) Advanced HDL Synthesis
       5.1) Advanced HDL Synthesis Report
  6) Low Level Synthesis
  7) Partition Report
  8) Design Summary
       8.1) Primitive and Black Box Usage
       8.2) Device utilization summary
       8.3) Partition Resource Summary
       8.4) Timing Report
            8.4.1) Clock Information
            8.4.2) Asynchronous Control Signals Information
            8.4.3) Timing Summary
            8.4.4) Timing Details
            8.4.5) Cross Clock Domains Report


=========================================================================
*                      Synthesis Options Summary                        *
=========================================================================
---- Source Parameters
Input File Name                    : "controllerB.prj"
Ignore Synthesis Constraint File   : NO

---- Target Parameters
Output File Name                   : "controllerB"
Output Format                      : NGC
Target Device                      : xc6vlx75t-3-ff484

---- Source Options
Top Module Name                    : controllerB
Automatic FSM Extraction           : YES
FSM Encoding Algorithm             : Auto
Safe Implementation                : No
FSM Style                          : LUT
RAM Extraction                     : Yes
RAM Style                          : Auto
ROM Extraction                     : Yes
Shift Register Extraction          : YES
ROM Style                          : Auto
Resource Sharing                   : YES
Asynchronous To Synchronous        : NO
Shift Register Minimum Size        : 2
Use DSP Block                      : Auto
Automatic Register Balancing       : No

---- Target Options
LUT Combining                      : Auto
Reduce Control Sets                : Auto
Add IO Buffers                     : YES
Global Maximum Fanout              : 100000
Add Generic Clock Buffer(BUFG)     : 32
Register Duplication               : YES
Optimize Instantiated Primitives   : NO
Use Clock Enable                   : Auto
Use Synchronous Set                : Auto
Use Synchronous Reset              : Auto
Pack IO Registers into IOBs        : Auto
Equivalent register Removal        : YES

---- General Options
Optimization Goal                  : Speed
Optimization Effort                : 1
Power Reduction                    : NO
Keep Hierarchy                     : No
Netlist Hierarchy                  : As_Optimized
RTL Output                         : Yes
Global Optimization                : AllClockNets
Read Cores                         : YES
Write Timing Constraints           : NO
Cross Clock Analysis               : NO
Hierarchy Separator                : /
Bus Delimiter                      : <>
Case Specifier                     : Maintain
Slice Utilization Ratio            : 100
BRAM Utilization Ratio             : 100
DSP48 Utilization Ratio            : 100
Auto BRAM Packing                  : NO
Slice Utilization Ratio Delta      : 5

=========================================================================


=========================================================================
*                          HDL Parsing                                  *
=========================================================================
Parsing VHDL file "/home/cipolletta/Documenti/SSDS/assignment/incRam/controllerB.vhd" into library work
Parsing entity <controllerB>.
Parsing architecture <Behavioral> of entity <controllerb>.

=========================================================================
*                            HDL Elaboration                            *
=========================================================================

Elaborating entity <controllerB> (architecture <Behavioral>) from library <work>.
INFO:HDLCompiler:679 - "/home/cipolletta/Documenti/SSDS/assignment/incRam/controllerB.vhd" Line 66. Case statement is complete. others clause is never selected

=========================================================================
*                           HDL Synthesis                               *
=========================================================================

Synthesizing Unit <controllerB>.
    Related source file is "/home/cipolletta/Documenti/SSDS/assignment/incRam/controllerB.vhd".
    Found 2-bit register for signal <current_state>.
    Found finite state machine <FSM_0> for signal <current_state>.
    -----------------------------------------------------------------------
    | States             | 3                                              |
    | Transitions        | 5                                              |
    | Inputs             | 2                                              |
    | Outputs            | 2                                              |
    | Clock              | clk (rising_edge)                              |
    | Reset              | rst_n (negative)                               |
    | Reset type         | asynchronous                                   |
    | Reset State        | check                                          |
    | Power Up State     | check                                          |
    | Encoding           | auto                                           |
    | Implementation     | LUT                                            |
    -----------------------------------------------------------------------
    Found 5-bit comparator equal for signal <addra[4]_addrb[4]_equal_2_o> created at line 50
    Summary:
	inferred   1 Comparator(s).
	inferred   2 Multiplexer(s).
	inferred   1 Finite State Machine(s).
Unit <controllerB> synthesized.

=========================================================================
HDL Synthesis Report

Macro Statistics
# Comparators                                          : 1
 5-bit comparator equal                                : 1
# Multiplexers                                         : 2
 1-bit 2-to-1 multiplexer                              : 2
# FSMs                                                 : 1

=========================================================================

=========================================================================
*                       Advanced HDL Synthesis                          *
=========================================================================


=========================================================================
Advanced HDL Synthesis Report

Macro Statistics
# Comparators                                          : 1
 5-bit comparator equal                                : 1
# Multiplexers                                         : 2
 1-bit 2-to-1 multiplexer                              : 2
# FSMs                                                 : 1

=========================================================================

=========================================================================
*                         Low Level Synthesis                           *
=========================================================================
Analyzing FSM <MFsm> for best encoding.
Optimizing FSM <FSM_0> on signal <current_state[1:2]> with user encoding.
-----------------------
 State     | Encoding
-----------------------
 check     | 00
 discarded | 01
 committed | 10
-----------------------

Optimizing unit <controllerB> ...

Mapping all equations...
Building and optimizing final netlist ...
Found area constraint ratio of 100 (+ 5) on block controllerB, actual ratio is 0.

Final Macro Processing ...

=========================================================================
Final Register Report

Macro Statistics
# Registers                                            : 2
 Flip-Flops                                            : 2

=========================================================================

=========================================================================
*                           Partition Report                            *
=========================================================================

Partition Implementation Status
-------------------------------

  No Partitions were found in this design.

-------------------------------

=========================================================================
*                            Design Summary                             *
=========================================================================

Top Level Output File Name         : controllerB.ngc

Primitive and Black Box Usage:
------------------------------
# BELS                             : 6
#      INV                         : 1
#      LUT4                        : 3
#      LUT5                        : 2
# FlipFlops/Latches                : 2
#      FDC                         : 2
# Clock Buffers                    : 1
#      BUFGP                       : 1
# IO Buffers                       : 16
#      IBUF                        : 14
#      OBUF                        : 2

Device utilization summary:
---------------------------

Selected Device : 6vlx75tff484-3 


Slice Logic Utilization: 
 Number of Slice Registers:               2  out of  93120     0%  
 Number of Slice LUTs:                    6  out of  46560     0%  
    Number used as Logic:                 6  out of  46560     0%  

Slice Logic Distribution: 
 Number of LUT Flip Flop pairs used:      8
   Number with an unused Flip Flop:       6  out of      8    75%  
   Number with an unused LUT:             2  out of      8    25%  
   Number of fully used LUT-FF pairs:     0  out of      8     0%  
   Number of unique control sets:         1

IO Utilization: 
 Number of IOs:                          17
 Number of bonded IOBs:                  17  out of    240     7%  

Specific Feature Utilization:
 Number of BUFG/BUFGCTRLs:                1  out of     32     3%  

---------------------------
Partition Resource Summary:
---------------------------

  No Partitions were found in this design.

---------------------------


=========================================================================
Timing Report

NOTE: THESE TIMING NUMBERS ARE ONLY A SYNTHESIS ESTIMATE.
      FOR ACCURATE TIMING INFORMATION PLEASE REFER TO THE TRACE REPORT
      GENERATED AFTER PLACE-and-ROUTE.

Clock Information:
------------------
-----------------------------------+------------------------+-------+
Clock Signal                       | Clock buffer(FF name)  | Load  |
-----------------------------------+------------------------+-------+
clk                                | BUFGP                  | 2     |
-----------------------------------+------------------------+-------+

Asynchronous Control Signals Information:
----------------------------------------
No asynchronous control signals found in this design

Timing Summary:
---------------
Speed Grade: -3

   Minimum period: 0.694ns (Maximum Frequency: 1439.885MHz)
   Minimum input arrival time before clock: 1.673ns
   Maximum output required time after clock: 0.981ns
   Maximum combinational path delay: 1.960ns

Timing Details:
---------------
All values displayed in nanoseconds (ns)

=========================================================================
Timing constraint: Default period analysis for Clock 'clk'
  Clock period: 0.694ns (frequency: 1439.885MHz)
  Total number of paths / destination ports: 4 / 2
-------------------------------------------------------------------------
Delay:               0.694ns (Levels of Logic = 1)
  Source:            current_state_FSM_FFd2 (FF)
  Destination:       current_state_FSM_FFd2 (FF)
  Source Clock:      clk rising
  Destination Clock: clk rising

  Data Path: current_state_FSM_FFd2 to current_state_FSM_FFd2
                                Gate     Net
    Cell:in->out      fanout   Delay   Delay  Logical Name (Net Name)
    ----------------------------------------  ------------
     FDC:C->Q              2   0.280   0.361  current_state_FSM_FFd2 (current_state_FSM_FFd2)
     LUT4:I2->O            2   0.053   0.000  current_state_FSM_FFd1-In1 (current_state_FSM_FFd1-In)
     FDC:D                    -0.012          current_state_FSM_FFd1
    ----------------------------------------
    Total                      0.694ns (0.333ns logic, 0.361ns route)
                                       (47.9% logic, 52.1% route)

=========================================================================
Timing constraint: Default OFFSET IN BEFORE for Clock 'clk'
  Total number of paths / destination ports: 28 / 4
-------------------------------------------------------------------------
Offset:              1.673ns (Levels of Logic = 4)
  Source:            addra<1> (PAD)
  Destination:       current_state_FSM_FFd2 (FF)
  Destination Clock: clk rising

  Data Path: addra<1> to current_state_FSM_FFd2
                                Gate     Net
    Cell:in->out      fanout   Delay   Delay  Logical Name (Net Name)
    ----------------------------------------  ------------
     IBUF:I->O             1   0.003   0.481  addra_1_IBUF (addra_1_IBUF)
     LUT4:I0->O            1   0.053   0.592  init_in_progress_wea_OR_5_o1 (init_in_progress_wea_OR_5_o1)
     LUT5:I0->O            2   0.053   0.438  init_in_progress_wea_OR_5_o3 (init_in_progress_wea_OR_5_o)
     LUT4:I1->O            2   0.053   0.000  current_state_FSM_FFd1-In1 (current_state_FSM_FFd1-In)
     FDC:D                    -0.012          current_state_FSM_FFd1
    ----------------------------------------
    Total                      1.673ns (0.162ns logic, 1.511ns route)
                                       (9.7% logic, 90.3% route)

=========================================================================
Timing constraint: Default OFFSET OUT AFTER for Clock 'clk'
  Total number of paths / destination ports: 3 / 2
-------------------------------------------------------------------------
Offset:              0.981ns (Levels of Logic = 2)
  Source:            current_state_FSM_FFd2 (FF)
  Destination:       enb (PAD)
  Source Clock:      clk rising

  Data Path: current_state_FSM_FFd2 to enb
                                Gate     Net
    Cell:in->out      fanout   Delay   Delay  Logical Name (Net Name)
    ----------------------------------------  ------------
     FDC:C->Q              2   0.280   0.361  current_state_FSM_FFd2 (current_state_FSM_FFd2)
     LUT4:I2->O            2   0.053   0.283  current_state_FSM_FFd1-In1 (current_state_FSM_FFd1-In)
     OBUF:I->O                 0.003          enb_OBUF (enb)
    ----------------------------------------
    Total                      0.981ns (0.336ns logic, 0.645ns route)
                                       (34.3% logic, 65.7% route)

=========================================================================
Timing constraint: Default path analysis
  Total number of paths / destination ports: 13 / 1
-------------------------------------------------------------------------
Delay:               1.960ns (Levels of Logic = 5)
  Source:            addra<1> (PAD)
  Destination:       enb (PAD)

  Data Path: addra<1> to enb
                                Gate     Net
    Cell:in->out      fanout   Delay   Delay  Logical Name (Net Name)
    ----------------------------------------  ------------
     IBUF:I->O             1   0.003   0.481  addra_1_IBUF (addra_1_IBUF)
     LUT4:I0->O            1   0.053   0.592  init_in_progress_wea_OR_5_o1 (init_in_progress_wea_OR_5_o1)
     LUT5:I0->O            2   0.053   0.437  init_in_progress_wea_OR_5_o3 (init_in_progress_wea_OR_5_o)
     LUT4:I1->O            2   0.053   0.283  current_state_FSM_FFd1-In1 (current_state_FSM_FFd1-In)
     OBUF:I->O                 0.003          enb_OBUF (enb)
    ----------------------------------------
    Total                      1.960ns (0.165ns logic, 1.795ns route)
                                       (8.4% logic, 91.6% route)

=========================================================================

Cross Clock Domains Report:
--------------------------

Clock to Setup on destination clock clk
---------------+---------+---------+---------+---------+
               | Src:Rise| Src:Fall| Src:Rise| Src:Fall|
Source Clock   |Dest:Rise|Dest:Rise|Dest:Fall|Dest:Fall|
---------------+---------+---------+---------+---------+
clk            |    0.694|         |         |         |
---------------+---------+---------+---------+---------+

=========================================================================


Total REAL time to Xst completion: 4.00 secs
Total CPU time to Xst completion: 4.77 secs
 
--> 


Total memory usage is 410996 kilobytes

Number of errors   :    0 (   0 filtered)
Number of warnings :    0 (   0 filtered)
Number of infos    :    0 (   0 filtered)

