Running: /opt/Xilinx/14.7/ISE_DS/ISE/bin/lin64/unwrapped/fuse -relaunch -intstyle "ise" -incremental -lib "secureip" -o "/home/brb/lapo2/incRam/MISR_test_isim_beh.exe" -prj "/home/brb/lapo2/incRam/MISR_test_beh.prj" "work.MISR_test" 
ISim P.20131013 (signature 0xfbc00daa)
Number of CPUs detected in this system: 2
Turning on mult-threading, number of parallel sub-compilation jobs: 4 
Determining compilation order of HDL files
Parsing VHDL file "/home/brb/lapo2/incRam/D_FF.vhd" into library work
Parsing VHDL file "/home/brb/lapo2/incRam/MISR.vhd" into library work
Parsing VHDL file "/home/brb/lapo2/incRam/MISR_test.vhd" into library work
Starting static elaboration
Completed static elaboration
Fuse Memory Usage: 97848 KB
Fuse CPU Usage: 1770 ms
Compiling package standard
Compiling package std_logic_1164
Compiling package textio
Compiling package std_logic_textio
Compiling package numeric_std
Compiling architecture behavioral of entity D_FF [d_ff_default]
Compiling architecture structural of entity MISR [misr_default]
Compiling architecture behavior of entity misr_test
Time Resolution for simulation is 1ps.
Waiting for 1 sub-compilation(s) to finish...
Compiled 10 VHDL Units
Built simulation executable /home/brb/lapo2/incRam/MISR_test_isim_beh.exe
Fuse Memory Usage: 412460 KB
Fuse CPU Usage: 1960 ms
GCC CPU Usage: 240 ms
