ISim log file
Running: /home/cipolletta/Documenti/SSDS/assignment_gamma/lapo/incRam/test_lapo_profiling_isim_beh.exe -intstyle ise -gui -tclbatch isim.cmd -wdb /home/cipolletta/Documenti/SSDS/assignment_gamma/lapo/incRam/test_lapo_profiling_isim_beh.wdb 
ISim P.20131013 (signature 0xfbc00daa)
WARNING: A WEBPACK license was found.
WARNING: Please use Xilinx License Configuration Manager to check out a full ISim license.
WARNING: ISim will run in Lite mode. Please refer to the ISim documentation for more information on the differences between the Lite and the Full version.
This is a Lite version of ISim.
Time resolution is 1 ps
# onerror resume
# wave add /
# run 1000 ns
Simulator is doing circuit initialization process.
at 0 ps, Instance /test_lapo_profiling/uut/DebugRam/datapath/CNT/ : Warning: NUMERIC_STD."=": metavalue detected, returning FALSE
at 0 ps, Instance /test_lapo_profiling/uut/DebugRam/datapath/TMR/ : Warning: NUMERIC_STD."=": metavalue detected, returning FALSE
at 0 ps, Instance /test_lapo_profiling/uut/DebugRam/datapath/INKER/ : Warning: There is an 'U'|'X'|'W'|'Z'|'-' in an arithmetic operand, the result will be 'X'(es).
Finished circuit initialization process.
at 157500 ps(1): Note: Block Memory Generator CORE Generator module is using a behavioral model FOR simulation which will not precisely model memory collision behavior. (/test_lapo_profiling/uut/DebugRam/datapath/MEM/U0/native_mem_module/mem_module/).
# run 1.00ms
# run 1.00ms
# run 1.00ms
# exit 0
