ISim log file
Running: /home/cipolletta/Documenti/SSDS/assignment_gamma/lapo/lapo/test2_lapo_toplevel_isim_beh.exe -intstyle ise -gui -tclbatch isim.cmd -wdb /home/cipolletta/Documenti/SSDS/assignment_gamma/lapo/lapo/test2_lapo_toplevel_isim_beh.wdb 
INFO: There is another simulation running in the same directory. Using database file name isim1.wdb.
ISim P.20131013 (signature 0xfbc00daa)
WARNING: A WEBPACK license was found.
WARNING: Please use Xilinx License Configuration Manager to check out a full ISim license.
WARNING: ISim will run in Lite mode. Please refer to the ISim documentation for more information on the differences between the Lite and the Full version.
This is a Lite version of ISim.
Time resolution is 1 ps
# onerror resume
# wave add /
# run 1000 ns
Simulator is doing circuit initialization process.
at 0 ps, Instance /test2_lapo_toplevel/uut/Profiler_subsystem/DebugRam/datapath/CNT/ : Warning: NUMERIC_STD."=": metavalue detected, returning FALSE
at 0 ps, Instance /test2_lapo_toplevel/uut/Profiler_subsystem/DebugRam/datapath/TMR/ : Warning: NUMERIC_STD."=": metavalue detected, returning FALSE
at 0 ps, Instance /test2_lapo_toplevel/uut/Profiler_subsystem/DebugRam/datapath/INKER/ : Warning: There is an 'U'|'X'|'W'|'Z'|'-' in an arithmetic operand, the result will be 'X'(es).
at 0 ps, Instance /test2_lapo_toplevel/uut/Fault_Checker_subsystem/dwn_cnt/ : Warning: NUMERIC_STD."=": metavalue detected, returning FALSE
Finished circuit initialization process.
at 185 ns(1): Note: Block Memory Generator CORE Generator module is using a behavioral model FOR simulation which will not precisely model memory collision behavior. (/test2_lapo_toplevel/uut/Profiler_subsystem/DebugRam/datapath/MEM/U0/native_mem_module/mem_module/).
# run 1.00us
# run 1.00us
# run 1.00us
# run 1.00us
# restart
# run 1.00us
Simulator is doing circuit initialization process.
at 0 ps, Instance /test2_lapo_toplevel/uut/Profiler_subsystem/DebugRam/datapath/CNT/ : Warning: NUMERIC_STD."=": metavalue detected, returning FALSE
at 0 ps, Instance /test2_lapo_toplevel/uut/Profiler_subsystem/DebugRam/datapath/TMR/ : Warning: NUMERIC_STD."=": metavalue detected, returning FALSE
at 0 ps, Instance /test2_lapo_toplevel/uut/Fault_Checker_subsystem/dwn_cnt/ : Warning: NUMERIC_STD."=": metavalue detected, returning FALSE
Finished circuit initialization process.
at 185 ns(1): Note: Block Memory Generator CORE Generator module is using a behavioral model FOR simulation which will not precisely model memory collision behavior. (/test2_lapo_toplevel/uut/Profiler_subsystem/DebugRam/datapath/MEM/U0/native_mem_module/mem_module/).
# run 1.00us
# run 1.00us
# exit 0
# exit 0
