Release 14.7 Map P.20131013 (lin64)
Xilinx Mapping Report File for Design 'LAPO_toplevel'

Design Information
------------------
Command Line   : map -intstyle ise -p xc6vlx75t-ff484-3 -w -logic_opt off -ol
high -t 1 -xt 0 -register_duplication off -r 4 -global_opt off -mt off -ir off
-pr off -lc off -power off -o LAPO_toplevel_map.ncd LAPO_toplevel.ngd
LAPO_toplevel.pcf 
Target Device  : xc6vlx75t
Target Package : ff484
Target Speed   : -3
Mapper Version : virtex6 -- $Revision: 1.55 $
Mapped Date    : Mon Jan  9 20:22:54 2017

Design Summary
--------------
Number of errors:      0
Number of warnings:    1
Slice Logic Utilization:
  Number of Slice Registers:                   291 out of  93,120    1%
    Number used as Flip Flops:                 291
    Number used as Latches:                      0
    Number used as Latch-thrus:                  0
    Number used as AND/OR logics:                0
  Number of Slice LUTs:                        214 out of  46,560    1%
    Number used as logic:                      204 out of  46,560    1%
      Number using O6 output only:             132
      Number using O5 output only:              22
      Number using O5 and O6:                   50
      Number used as ROM:                        0
    Number used as Memory:                       0 out of  16,720    0%
    Number used exclusively as route-thrus:     10
      Number with same-slice register load:      8
      Number with same-slice carry load:         2
      Number with other load:                    0

Slice Logic Distribution:
  Number of occupied Slices:                   135 out of  11,640    1%
  Number of LUT Flip Flop pairs used:          328
    Number with an unused Flip Flop:            81 out of     328   24%
    Number with an unused LUT:                 114 out of     328   34%
    Number of fully used LUT-FF pairs:         133 out of     328   40%
    Number of unique control sets:               7
    Number of slice register sites lost
      to control set restrictions:              29 out of  93,120    1%

  A LUT Flip Flop pair for this architecture represents one LUT paired with
  one Flip Flop within a slice.  A control set is a unique combination of
  clock, reset, set, and enable signals for a registered element.
  The Slice Logic Distribution report is not meaningful if the design is
  over-mapped for a non-slice resource or if Placement fails.
  OVERMAPPING of BRAM resources should be ignored if the design is
  over-mapped for a non-BRAM resource or if placement fails.

IO Utilization:
  Number of bonded IOBs:                       160 out of     240   66%

Specific Feature Utilization:
  Number of RAMB36E1/FIFO36E1s:                  4 out of     156    2%
    Number using RAMB36E1 only:                  4
    Number using FIFO36E1 only:                  0
  Number of RAMB18E1/FIFO18E1s:                  2 out of     312    1%
    Number using RAMB18E1 only:                  2
    Number using FIFO18E1 only:                  0
  Number of BUFG/BUFGCTRLs:                      2 out of      32    6%
    Number used as BUFGs:                        2
    Number used as BUFGCTRLs:                    0
  Number of ILOGICE1/ISERDESE1s:                 0 out of     360    0%
  Number of OLOGICE1/OSERDESE1s:                 1 out of     360    1%
    Number used as OLOGICE1s:                    1
    Number used as OSERDESE1s:                   0
  Number of BSCANs:                              0 out of       4    0%
  Number of BUFHCEs:                             0 out of      72    0%
  Number of BUFIODQSs:                           0 out of      36    0%
  Number of BUFRs:                               0 out of      18    0%
  Number of CAPTUREs:                            0 out of       1    0%
  Number of DSP48E1s:                            0 out of     288    0%
  Number of EFUSE_USRs:                          0 out of       1    0%
  Number of FRAME_ECCs:                          0 out of       1    0%
  Number of GTXE1s:                              0 out of       8    0%
  Number of IBUFDS_GTXE1s:                       0 out of       6    0%
  Number of ICAPs:                               0 out of       2    0%
  Number of IDELAYCTRLs:                         0 out of       9    0%
  Number of IODELAYE1s:                          0 out of     360    0%
  Number of MMCM_ADVs:                           0 out of       6    0%
  Number of PCIE_2_0s:                           0 out of       1    0%
  Number of STARTUPs:                            1 out of       1  100%
  Number of SYSMONs:                             0 out of       1    0%
  Number of TEMAC_SINGLEs:                       0 out of       4    0%

Average Fanout of Non-Clock Nets:                2.20

Peak Memory Usage:  930 MB
Total REAL time to MAP completion:  32 secs 
Total CPU time to MAP completion:   27 secs 

Table of Contents
-----------------
Section 1 - Errors
Section 2 - Warnings
Section 3 - Informational
Section 4 - Removed Logic Summary
Section 5 - Removed Logic
Section 6 - IOB Properties
Section 7 - RPMs
Section 8 - Guide Report
Section 9 - Area Group and Partition Summary
Section 10 - Timing Report
Section 11 - Configuration String Information
Section 12 - Control Set Information
Section 13 - Utilization by Hierarchy

Section 1 - Errors
------------------

Section 2 - Warnings
--------------------
WARNING:PhysDesignRules:372 - Gated clock. Clock net
   Fault_Checker_subsystem/tc_s is sourced by a combinatorial pin. This is not
   good design practice. Use the CE pin to control the loading of data into the
   flip-flop.

Section 3 - Informational
-------------------------
INFO:LIT:243 - Logical network Profiler_subsystem/LUT/douta<7> has no load.
INFO:MapLib:562 - No environment variables are currently set.
INFO:LIT:244 - All of the single ended outputs in this design are using slew
   rate limited output drivers. The delay on speed critical single ended outputs
   can be dramatically reduced by designating them as fast outputs.
INFO:Pack:1716 - Initializing temperature to 85.000 Celsius. (default - Range:
   0.000 to 85.000 Celsius)
INFO:Pack:1720 - Initializing voltage to 0.950 Volts. (default - Range: 0.950 to
   1.050 Volts)
INFO:Map:215 - The Interim Design Summary has been generated in the MAP Report
   (.mrp).
INFO:Pack:1650 - Map created a placed design.

Section 4 - Removed Logic Summary
---------------------------------
   7 block(s) optimized away
   1 signal(s) removed

Section 5 - Removed Logic
-------------------------

The trimmed logic report below shows the logic removed from your design due to
sourceless or loadless signals, and VCC or ground connections.  If the removal
of a signal or symbol results in the subsequent removal of an additional signal
or symbol, the message explaining that second removal will be indented.  This
indentation will be repeated as a chain of related logic is removed.

To quickly locate the original cause for the removal of a chain of logic, look
above the place where that logic is listed in the trimming report, then locate
the lines that are least indented (begin at the leftmost edge).

The signal "Profiler_subsystem/LUT/douta<7>" is sourceless and has been removed.

Optimized Block(s):
TYPE 		BLOCK
GND 		Fault_Checker_subsystem/gld_rom/XST_GND
VCC 		Fault_Checker_subsystem/gld_rom/XST_VCC
GND 		Profiler_subsystem/DebugRam/datapath/MEM/XST_GND
GND 		Profiler_subsystem/LUT/XST_GND
VCC 		Profiler_subsystem/LUT/XST_VCC
GND 		XST_GND
VCC 		XST_VCC

To enable printing of redundant blocks removed and signals merged, set the
detailed map report option and rerun map.

Section 6 - IOB Properties
--------------------------

+---------------------------------------------------------------------------------------------------------------------------------------------------------+
| IOB Name                           | Type             | Direction | IO Standard          | Diff  | Drive    | Slew | Reg (s)      | Resistor | IOB      |
|                                    |                  |           |                      | Term  | Strength | Rate |              |          | Delay    |
+---------------------------------------------------------------------------------------------------------------------------------------------------------+
| address<0>                         | IOB              | INPUT     | LVCMOS25             |       |          |      |              |          |          |
| address<1>                         | IOB              | INPUT     | LVCMOS25             |       |          |      |              |          |          |
| address<2>                         | IOB              | INPUT     | LVCMOS25             |       |          |      |              |          |          |
| address<3>                         | IOB              | INPUT     | LVCMOS25             |       |          |      |              |          |          |
| address<4>                         | IOB              | INPUT     | LVCMOS25             |       |          |      |              |          |          |
| address<5>                         | IOB              | INPUT     | LVCMOS25             |       |          |      |              |          |          |
| address<6>                         | IOB              | INPUT     | LVCMOS25             |       |          |      |              |          |          |
| address<7>                         | IOB              | INPUT     | LVCMOS25             |       |          |      |              |          |          |
| address<8>                         | IOB              | INPUT     | LVCMOS25             |       |          |      |              |          |          |
| address<9>                         | IOB              | INPUT     | LVCMOS25             |       |          |      |              |          |          |
| address<10>                        | IOB              | INPUT     | LVCMOS25             |       |          |      |              |          |          |
| address<11>                        | IOB              | INPUT     | LVCMOS25             |       |          |      |              |          |          |
| address<12>                        | IOB              | INPUT     | LVCMOS25             |       |          |      |              |          |          |
| address<13>                        | IOB              | INPUT     | LVCMOS25             |       |          |      |              |          |          |
| address<14>                        | IOB              | INPUT     | LVCMOS25             |       |          |      |              |          |          |
| address<15>                        | IOB              | INPUT     | LVCMOS25             |       |          |      |              |          |          |
| address<16>                        | IOB              | INPUT     | LVCMOS25             |       |          |      |              |          |          |
| address<17>                        | IOB              | INPUT     | LVCMOS25             |       |          |      |              |          |          |
| address<18>                        | IOB              | INPUT     | LVCMOS25             |       |          |      |              |          |          |
| address<19>                        | IOB              | INPUT     | LVCMOS25             |       |          |      |              |          |          |
| address<20>                        | IOB              | INPUT     | LVCMOS25             |       |          |      |              |          |          |
| address<21>                        | IOB              | INPUT     | LVCMOS25             |       |          |      |              |          |          |
| address<22>                        | IOB              | INPUT     | LVCMOS25             |       |          |      |              |          |          |
| address<23>                        | IOB              | INPUT     | LVCMOS25             |       |          |      |              |          |          |
| address<24>                        | IOB              | INPUT     | LVCMOS25             |       |          |      |              |          |          |
| address<25>                        | IOB              | INPUT     | LVCMOS25             |       |          |      |              |          |          |
| address<26>                        | IOB              | INPUT     | LVCMOS25             |       |          |      |              |          |          |
| address<27>                        | IOB              | INPUT     | LVCMOS25             |       |          |      |              |          |          |
| address<28>                        | IOB              | INPUT     | LVCMOS25             |       |          |      |              |          |          |
| address<29>                        | IOB              | INPUT     | LVCMOS25             |       |          |      |              |          |          |
| address<30>                        | IOB              | INPUT     | LVCMOS25             |       |          |      |              |          |          |
| address<31>                        | IOB              | INPUT     | LVCMOS25             |       |          |      |              |          |          |
| address<32>                        | IOB              | INPUT     | LVCMOS25             |       |          |      |              |          |          |
| address<33>                        | IOB              | INPUT     | LVCMOS25             |       |          |      |              |          |          |
| address<34>                        | IOB              | INPUT     | LVCMOS25             |       |          |      |              |          |          |
| address<35>                        | IOB              | INPUT     | LVCMOS25             |       |          |      |              |          |          |
| address<36>                        | IOB              | INPUT     | LVCMOS25             |       |          |      |              |          |          |
| address<37>                        | IOB              | INPUT     | LVCMOS25             |       |          |      |              |          |          |
| address<38>                        | IOB              | INPUT     | LVCMOS25             |       |          |      |              |          |          |
| address<39>                        | IOB              | INPUT     | LVCMOS25             |       |          |      |              |          |          |
| address<40>                        | IOB              | INPUT     | LVCMOS25             |       |          |      |              |          |          |
| address<41>                        | IOB              | INPUT     | LVCMOS25             |       |          |      |              |          |          |
| address<42>                        | IOB              | INPUT     | LVCMOS25             |       |          |      |              |          |          |
| address<43>                        | IOB              | INPUT     | LVCMOS25             |       |          |      |              |          |          |
| address<44>                        | IOB              | INPUT     | LVCMOS25             |       |          |      |              |          |          |
| address<45>                        | IOB              | INPUT     | LVCMOS25             |       |          |      |              |          |          |
| address<46>                        | IOB              | INPUT     | LVCMOS25             |       |          |      |              |          |          |
| address<47>                        | IOB              | INPUT     | LVCMOS25             |       |          |      |              |          |          |
| address<48>                        | IOB              | INPUT     | LVCMOS25             |       |          |      |              |          |          |
| address<49>                        | IOB              | INPUT     | LVCMOS25             |       |          |      |              |          |          |
| address<50>                        | IOB              | INPUT     | LVCMOS25             |       |          |      |              |          |          |
| address<51>                        | IOB              | INPUT     | LVCMOS25             |       |          |      |              |          |          |
| address<52>                        | IOB              | INPUT     | LVCMOS25             |       |          |      |              |          |          |
| address<53>                        | IOB              | INPUT     | LVCMOS25             |       |          |      |              |          |          |
| address<54>                        | IOB              | INPUT     | LVCMOS25             |       |          |      |              |          |          |
| address<55>                        | IOB              | INPUT     | LVCMOS25             |       |          |      |              |          |          |
| address<56>                        | IOB              | INPUT     | LVCMOS25             |       |          |      |              |          |          |
| address<57>                        | IOB              | INPUT     | LVCMOS25             |       |          |      |              |          |          |
| address<58>                        | IOB              | INPUT     | LVCMOS25             |       |          |      |              |          |          |
| address<59>                        | IOB              | INPUT     | LVCMOS25             |       |          |      |              |          |          |
| address<60>                        | IOB              | INPUT     | LVCMOS25             |       |          |      |              |          |          |
| address<61>                        | IOB              | INPUT     | LVCMOS25             |       |          |      |              |          |          |
| address<62>                        | IOB              | INPUT     | LVCMOS25             |       |          |      |              |          |          |
| address<63>                        | IOB              | INPUT     | LVCMOS25             |       |          |      |              |          |          |
| clk                                | IOB              | INPUT     | LVCMOS25             |       |          |      |              |          |          |
| control                            | IOB              | INPUT     | LVCMOS25             |       |          |      |              |          |          |
| data<0>                            | IOB              | INPUT     | LVCMOS25             |       |          |      |              |          |          |
| data<1>                            | IOB              | INPUT     | LVCMOS25             |       |          |      |              |          |          |
| data<2>                            | IOB              | INPUT     | LVCMOS25             |       |          |      |              |          |          |
| data<3>                            | IOB              | INPUT     | LVCMOS25             |       |          |      |              |          |          |
| data<4>                            | IOB              | INPUT     | LVCMOS25             |       |          |      |              |          |          |
| data<5>                            | IOB              | INPUT     | LVCMOS25             |       |          |      |              |          |          |
| data<6>                            | IOB              | INPUT     | LVCMOS25             |       |          |      |              |          |          |
| data<7>                            | IOB              | INPUT     | LVCMOS25             |       |          |      |              |          |          |
| data<8>                            | IOB              | INPUT     | LVCMOS25             |       |          |      |              |          |          |
| data<9>                            | IOB              | INPUT     | LVCMOS25             |       |          |      |              |          |          |
| data<10>                           | IOB              | INPUT     | LVCMOS25             |       |          |      |              |          |          |
| data<11>                           | IOB              | INPUT     | LVCMOS25             |       |          |      |              |          |          |
| data<12>                           | IOB              | INPUT     | LVCMOS25             |       |          |      |              |          |          |
| data<13>                           | IOB              | INPUT     | LVCMOS25             |       |          |      |              |          |          |
| data<14>                           | IOB              | INPUT     | LVCMOS25             |       |          |      |              |          |          |
| data<15>                           | IOB              | INPUT     | LVCMOS25             |       |          |      |              |          |          |
| data<16>                           | IOB              | INPUT     | LVCMOS25             |       |          |      |              |          |          |
| data<17>                           | IOB              | INPUT     | LVCMOS25             |       |          |      |              |          |          |
| data<18>                           | IOB              | INPUT     | LVCMOS25             |       |          |      |              |          |          |
| data<19>                           | IOB              | INPUT     | LVCMOS25             |       |          |      |              |          |          |
| data<20>                           | IOB              | INPUT     | LVCMOS25             |       |          |      |              |          |          |
| data<21>                           | IOB              | INPUT     | LVCMOS25             |       |          |      |              |          |          |
| data<22>                           | IOB              | INPUT     | LVCMOS25             |       |          |      |              |          |          |
| data<23>                           | IOB              | INPUT     | LVCMOS25             |       |          |      |              |          |          |
| data<24>                           | IOB              | INPUT     | LVCMOS25             |       |          |      |              |          |          |
| data<25>                           | IOB              | INPUT     | LVCMOS25             |       |          |      |              |          |          |
| data<26>                           | IOB              | INPUT     | LVCMOS25             |       |          |      |              |          |          |
| data<27>                           | IOB              | INPUT     | LVCMOS25             |       |          |      |              |          |          |
| data<28>                           | IOB              | INPUT     | LVCMOS25             |       |          |      |              |          |          |
| data<29>                           | IOB              | INPUT     | LVCMOS25             |       |          |      |              |          |          |
| data<30>                           | IOB              | INPUT     | LVCMOS25             |       |          |      |              |          |          |
| data<31>                           | IOB              | INPUT     | LVCMOS25             |       |          |      |              |          |          |
| data<32>                           | IOB              | INPUT     | LVCMOS25             |       |          |      |              |          |          |
| data<33>                           | IOB              | INPUT     | LVCMOS25             |       |          |      |              |          |          |
| data<34>                           | IOB              | INPUT     | LVCMOS25             |       |          |      |              |          |          |
| data<35>                           | IOB              | INPUT     | LVCMOS25             |       |          |      |              |          |          |
| data<36>                           | IOB              | INPUT     | LVCMOS25             |       |          |      |              |          |          |
| data<37>                           | IOB              | INPUT     | LVCMOS25             |       |          |      |              |          |          |
| data<38>                           | IOB              | INPUT     | LVCMOS25             |       |          |      |              |          |          |
| data<39>                           | IOB              | INPUT     | LVCMOS25             |       |          |      |              |          |          |
| data<40>                           | IOB              | INPUT     | LVCMOS25             |       |          |      |              |          |          |
| data<41>                           | IOB              | INPUT     | LVCMOS25             |       |          |      |              |          |          |
| data<42>                           | IOB              | INPUT     | LVCMOS25             |       |          |      |              |          |          |
| data<43>                           | IOB              | INPUT     | LVCMOS25             |       |          |      |              |          |          |
| data<44>                           | IOB              | INPUT     | LVCMOS25             |       |          |      |              |          |          |
| data<45>                           | IOB              | INPUT     | LVCMOS25             |       |          |      |              |          |          |
| data<46>                           | IOB              | INPUT     | LVCMOS25             |       |          |      |              |          |          |
| data<47>                           | IOB              | INPUT     | LVCMOS25             |       |          |      |              |          |          |
| data<48>                           | IOB              | INPUT     | LVCMOS25             |       |          |      |              |          |          |
| data<49>                           | IOB              | INPUT     | LVCMOS25             |       |          |      |              |          |          |
| data<50>                           | IOB              | INPUT     | LVCMOS25             |       |          |      |              |          |          |
| data<51>                           | IOB              | INPUT     | LVCMOS25             |       |          |      |              |          |          |
| data<52>                           | IOB              | INPUT     | LVCMOS25             |       |          |      |              |          |          |
| data<53>                           | IOB              | INPUT     | LVCMOS25             |       |          |      |              |          |          |
| data<54>                           | IOB              | INPUT     | LVCMOS25             |       |          |      |              |          |          |
| data<55>                           | IOB              | INPUT     | LVCMOS25             |       |          |      |              |          |          |
| data<56>                           | IOB              | INPUT     | LVCMOS25             |       |          |      |              |          |          |
| data<57>                           | IOB              | INPUT     | LVCMOS25             |       |          |      |              |          |          |
| data<58>                           | IOB              | INPUT     | LVCMOS25             |       |          |      |              |          |          |
| data<59>                           | IOB              | INPUT     | LVCMOS25             |       |          |      |              |          |          |
| data<60>                           | IOB              | INPUT     | LVCMOS25             |       |          |      |              |          |          |
| data<61>                           | IOB              | INPUT     | LVCMOS25             |       |          |      |              |          |          |
| data<62>                           | IOB              | INPUT     | LVCMOS25             |       |          |      |              |          |          |
| data<63>                           | IOB              | INPUT     | LVCMOS25             |       |          |      |              |          |          |
| debug_ack                          | IOB              | OUTPUT    | LVCMOS25             |       | 12       | SLOW |              |          |          |
| debug_address<0>                   | IOB              | INPUT     | LVCMOS25             |       |          |      |              |          |          |
| debug_address<1>                   | IOB              | INPUT     | LVCMOS25             |       |          |      |              |          |          |
| debug_address<2>                   | IOB              | INPUT     | LVCMOS25             |       |          |      |              |          |          |
| debug_address<3>                   | IOB              | INPUT     | LVCMOS25             |       |          |      |              |          |          |
| debug_address<4>                   | IOB              | INPUT     | LVCMOS25             |       |          |      |              |          |          |
| debug_address<5>                   | IOB              | INPUT     | LVCMOS25             |       |          |      |              |          |          |
| debug_address<6>                   | IOB              | INPUT     | LVCMOS25             |       |          |      |              |          |          |
| debug_data<0>                      | IOB              | OUTPUT    | LVCMOS25             |       | 12       | SLOW |              |          |          |
| debug_data<1>                      | IOB              | OUTPUT    | LVCMOS25             |       | 12       | SLOW |              |          |          |
| debug_data<2>                      | IOB              | OUTPUT    | LVCMOS25             |       | 12       | SLOW |              |          |          |
| debug_data<3>                      | IOB              | OUTPUT    | LVCMOS25             |       | 12       | SLOW |              |          |          |
| debug_data<4>                      | IOB              | OUTPUT    | LVCMOS25             |       | 12       | SLOW |              |          |          |
| debug_data<5>                      | IOB              | OUTPUT    | LVCMOS25             |       | 12       | SLOW |              |          |          |
| debug_data<6>                      | IOB              | OUTPUT    | LVCMOS25             |       | 12       | SLOW |              |          |          |
| debug_data<7>                      | IOB              | OUTPUT    | LVCMOS25             |       | 12       | SLOW |              |          |          |
| debug_data<8>                      | IOB              | OUTPUT    | LVCMOS25             |       | 12       | SLOW |              |          |          |
| debug_data<9>                      | IOB              | OUTPUT    | LVCMOS25             |       | 12       | SLOW |              |          |          |
| debug_data<10>                     | IOB              | OUTPUT    | LVCMOS25             |       | 12       | SLOW |              |          |          |
| debug_data<11>                     | IOB              | OUTPUT    | LVCMOS25             |       | 12       | SLOW |              |          |          |
| debug_data<12>                     | IOB              | OUTPUT    | LVCMOS25             |       | 12       | SLOW |              |          |          |
| debug_data<13>                     | IOB              | OUTPUT    | LVCMOS25             |       | 12       | SLOW |              |          |          |
| debug_data<14>                     | IOB              | OUTPUT    | LVCMOS25             |       | 12       | SLOW |              |          |          |
| debug_data<15>                     | IOB              | OUTPUT    | LVCMOS25             |       | 12       | SLOW |              |          |          |
| debug_init                         | IOB              | INPUT     | LVCMOS25             |       |          |      |              |          |          |
| debug_read                         | IOB              | INPUT     | LVCMOS25             |       |          |      |              |          |          |
| fault_ack                          | IOB              | INPUT     | LVCMOS25             |       |          |      |              |          |          |
| fault_detected                     | IOB              | OUTPUT    | LVCMOS25             |       | 12       | SLOW |              |          |          |
| rst_n                              | IOB              | INPUT     | LVCMOS25             |       |          |      |              |          |          |
| sos                                | IOB              | INPUT     | LVCMOS25             |       |          |      |              |          |          |
+---------------------------------------------------------------------------------------------------------------------------------------------------------+

Section 7 - RPMs
----------------

Section 8 - Guide Report
------------------------
Guide not run on this design.

Section 9 - Area Group and Partition Summary
--------------------------------------------

Partition Implementation Status
-------------------------------

  No Partitions were found in this design.

-------------------------------

Area Group Information
----------------------

  No area groups were found in this design.

----------------------

Section 10 - Timing Report
--------------------------
A logic-level (pre-route) timing report can be generated by using Xilinx static
timing analysis tools, Timing Analyzer (GUI) or TRCE (command line), with the
mapped NCD and PCF files. Please note that this timing report will be generated
using estimated delay information. For accurate numbers, please generate a
timing report with the post Place and Route NCD file.

For more information about the Timing Analyzer, consult the Xilinx Timing
Analyzer Reference Manual; for more information about TRCE, consult the Xilinx
Command Line Tools User Guide "TRACE" chapter.

Section 11 - Configuration String Details
-----------------------------------------
Use the "-detail" map option to print out Configuration Strings

Section 12 - Control Set Information
------------------------------------
Use the "-detail" map option to print out Control Set Information.

Section 13 - Utilization by Hierarchy
-------------------------------------
Use the "-detail" map option to print out the Utilization by Hierarchy section.
