--------------------------------------------------------------------------------
Release 14.7 Trace  (lin64)
Copyright (c) 1995-2013 Xilinx, Inc.  All rights reserved.

/opt/Xilinx/14.7/ISE_DS/ISE/bin/lin64/unwrapped/trce -intstyle ise -v 3 -s 3 -n
3 -fastpaths -xml LAPO_toplevel.twx LAPO_toplevel.ncd -o LAPO_toplevel.twr
LAPO_toplevel.pcf

Design file:              LAPO_toplevel.ncd
Physical constraint file: LAPO_toplevel.pcf
Device,package,speed:     xc6vlx75t,ff484,C,-3 (PRODUCTION 1.17 2013-10-13)
Report level:             verbose report

Environment Variable      Effect 
--------------------      ------ 
NONE                      No environment variables were set
--------------------------------------------------------------------------------

INFO:Timing:2698 - No timing constraints found, doing default enumeration.
INFO:Timing:3412 - To improve timing, see the Timing Closure User Guide (UG612).
INFO:Timing:2752 - To get complete path coverage, use the unconstrained paths 
   option. All paths that are not constrained will be reported in the 
   unconstrained paths section(s) of the report.
INFO:Timing:3339 - The clock-to-out numbers in this timing report are based on 
   a 50 Ohm transmission line loading model.  For the details of this model, 
   and for more information on accounting for different loading conditions, 
   please see the device datasheet.



Data Sheet report:
-----------------
All values displayed in nanoseconds (ns)

Setup/Hold to clock clk
----------------+------------+------------+------------+------------+------------------+--------+
                |Max Setup to|  Process   |Max Hold to |  Process   |                  | Clock  |
Source          | clk (edge) |   Corner   | clk (edge) |   Corner   |Internal Clock(s) | Phase  |
----------------+------------+------------+------------+------------+------------------+--------+
address<0>      |   -0.156(R)|      FAST  |    1.286(R)|      SLOW  |clk_BUFGP         |   0.000|
address<1>      |   -0.108(R)|      FAST  |    1.223(R)|      SLOW  |clk_BUFGP         |   0.000|
address<2>      |   -0.065(R)|      FAST  |    1.164(R)|      SLOW  |clk_BUFGP         |   0.000|
address<3>      |   -0.103(R)|      FAST  |    1.214(R)|      SLOW  |clk_BUFGP         |   0.000|
address<4>      |    0.017(R)|      FAST  |    1.080(R)|      SLOW  |clk_BUFGP         |   0.000|
address<5>      |    0.074(R)|      FAST  |    1.006(R)|      SLOW  |clk_BUFGP         |   0.000|
address<6>      |    0.072(R)|      FAST  |    0.990(R)|      SLOW  |clk_BUFGP         |   0.000|
address<7>      |    0.060(R)|      FAST  |    1.016(R)|      SLOW  |clk_BUFGP         |   0.000|
address<8>      |    0.082(R)|      FAST  |    0.972(R)|      SLOW  |clk_BUFGP         |   0.000|
address<9>      |    0.078(R)|      FAST  |    0.989(R)|      SLOW  |clk_BUFGP         |   0.000|
address<10>     |    0.162(R)|      FAST  |    0.893(R)|      SLOW  |clk_BUFGP         |   0.000|
address<11>     |    0.216(R)|      FAST  |    0.835(R)|      SLOW  |clk_BUFGP         |   0.000|
address<12>     |    0.168(R)|      FAST  |    0.894(R)|      SLOW  |clk_BUFGP         |   0.000|
address<13>     |    0.189(R)|      FAST  |    0.856(R)|      SLOW  |clk_BUFGP         |   0.000|
address<14>     |    0.249(R)|      FAST  |    0.800(R)|      SLOW  |clk_BUFGP         |   0.000|
address<15>     |    0.233(R)|      FAST  |    0.825(R)|      SLOW  |clk_BUFGP         |   0.000|
address<16>     |    0.075(R)|      FAST  |    0.999(R)|      SLOW  |clk_BUFGP         |   0.000|
address<17>     |    0.146(R)|      FAST  |    0.915(R)|      SLOW  |clk_BUFGP         |   0.000|
address<18>     |    0.102(R)|      FAST  |    0.949(R)|      SLOW  |clk_BUFGP         |   0.000|
address<19>     |    0.023(R)|      FAST  |    1.046(R)|      SLOW  |clk_BUFGP         |   0.000|
address<20>     |    0.176(R)|      FAST  |    0.874(R)|      SLOW  |clk_BUFGP         |   0.000|
address<21>     |    0.228(R)|      FAST  |    0.805(R)|      SLOW  |clk_BUFGP         |   0.000|
address<22>     |    0.234(R)|      FAST  |    0.800(R)|      SLOW  |clk_BUFGP         |   0.000|
address<23>     |    0.256(R)|      FAST  |    0.790(R)|      SLOW  |clk_BUFGP         |   0.000|
address<24>     |   -0.313(R)|      FAST  |    1.499(R)|      SLOW  |clk_BUFGP         |   0.000|
address<25>     |   -0.218(R)|      FAST  |    1.404(R)|      SLOW  |clk_BUFGP         |   0.000|
address<26>     |   -0.351(R)|      FAST  |    1.544(R)|      SLOW  |clk_BUFGP         |   0.000|
address<27>     |   -0.340(R)|      FAST  |    1.537(R)|      SLOW  |clk_BUFGP         |   0.000|
address<28>     |   -0.356(R)|      FAST  |    1.557(R)|      SLOW  |clk_BUFGP         |   0.000|
address<29>     |   -0.371(R)|      FAST  |    1.573(R)|      SLOW  |clk_BUFGP         |   0.000|
address<30>     |   -0.336(R)|      FAST  |    1.533(R)|      SLOW  |clk_BUFGP         |   0.000|
address<31>     |   -0.288(R)|      FAST  |    1.480(R)|      SLOW  |clk_BUFGP         |   0.000|
address<32>     |   -0.367(R)|      FAST  |    1.567(R)|      SLOW  |clk_BUFGP         |   0.000|
address<33>     |   -0.267(R)|      FAST  |    1.458(R)|      SLOW  |clk_BUFGP         |   0.000|
address<34>     |   -0.325(R)|      FAST  |    1.521(R)|      SLOW  |clk_BUFGP         |   0.000|
address<35>     |   -0.343(R)|      FAST  |    1.550(R)|      SLOW  |clk_BUFGP         |   0.000|
address<36>     |   -0.096(R)|      FAST  |    1.294(R)|      SLOW  |clk_BUFGP         |   0.000|
address<37>     |   -0.497(R)|      FAST  |    1.709(R)|      SLOW  |clk_BUFGP         |   0.000|
address<38>     |   -0.480(R)|      FAST  |    1.697(R)|      SLOW  |clk_BUFGP         |   0.000|
address<39>     |   -0.348(R)|      FAST  |    1.540(R)|      SLOW  |clk_BUFGP         |   0.000|
address<40>     |   -0.386(R)|      FAST  |    1.594(R)|      SLOW  |clk_BUFGP         |   0.000|
address<41>     |   -0.318(R)|      FAST  |    1.504(R)|      SLOW  |clk_BUFGP         |   0.000|
address<42>     |   -0.281(R)|      FAST  |    1.458(R)|      SLOW  |clk_BUFGP         |   0.000|
address<43>     |   -0.269(R)|      FAST  |    1.445(R)|      SLOW  |clk_BUFGP         |   0.000|
address<44>     |   -0.180(R)|      FAST  |    1.362(R)|      SLOW  |clk_BUFGP         |   0.000|
address<45>     |   -0.068(R)|      FAST  |    1.182(R)|      SLOW  |clk_BUFGP         |   0.000|
address<46>     |   -0.071(R)|      FAST  |    1.185(R)|      SLOW  |clk_BUFGP         |   0.000|
address<47>     |   -0.186(R)|      FAST  |    1.368(R)|      SLOW  |clk_BUFGP         |   0.000|
address<48>     |   -0.143(R)|      FAST  |    1.313(R)|      SLOW  |clk_BUFGP         |   0.000|
address<49>     |   -0.041(R)|      FAST  |    1.170(R)|      SLOW  |clk_BUFGP         |   0.000|
address<50>     |   -0.010(R)|      FAST  |    1.125(R)|      SLOW  |clk_BUFGP         |   0.000|
address<51>     |    0.145(R)|      FAST  |    0.920(R)|      SLOW  |clk_BUFGP         |   0.000|
address<52>     |   -0.453(R)|      FAST  |    1.661(R)|      SLOW  |clk_BUFGP         |   0.000|
address<53>     |   -0.403(R)|      FAST  |    1.595(R)|      SLOW  |clk_BUFGP         |   0.000|
address<54>     |   -0.385(R)|      FAST  |    1.583(R)|      SLOW  |clk_BUFGP         |   0.000|
address<55>     |   -0.441(R)|      FAST  |    1.651(R)|      SLOW  |clk_BUFGP         |   0.000|
address<56>     |    0.050(R)|      FAST  |    1.028(R)|      SLOW  |clk_BUFGP         |   0.000|
address<57>     |   -0.110(R)|      FAST  |    1.214(R)|      SLOW  |clk_BUFGP         |   0.000|
address<58>     |   -0.106(R)|      FAST  |    1.223(R)|      SLOW  |clk_BUFGP         |   0.000|
address<59>     |   -0.175(R)|      FAST  |    1.298(R)|      SLOW  |clk_BUFGP         |   0.000|
address<60>     |   -0.140(R)|      FAST  |    1.255(R)|      SLOW  |clk_BUFGP         |   0.000|
address<61>     |   -0.110(R)|      FAST  |    1.227(R)|      SLOW  |clk_BUFGP         |   0.000|
address<62>     |   -0.063(R)|      FAST  |    1.168(R)|      SLOW  |clk_BUFGP         |   0.000|
address<63>     |    0.000(R)|      FAST  |    1.079(R)|      SLOW  |clk_BUFGP         |   0.000|
control         |    0.065(R)|      FAST  |    1.026(R)|      SLOW  |clk_BUFGP         |   0.000|
data<0>         |   -0.046(R)|      FAST  |    1.175(R)|      SLOW  |clk_BUFGP         |   0.000|
data<1>         |   -0.120(R)|      FAST  |    1.264(R)|      SLOW  |clk_BUFGP         |   0.000|
data<2>         |   -0.052(R)|      FAST  |    1.194(R)|      SLOW  |clk_BUFGP         |   0.000|
data<3>         |   -0.130(R)|      FAST  |    1.263(R)|      SLOW  |clk_BUFGP         |   0.000|
data<4>         |   -0.198(R)|      FAST  |    1.360(R)|      SLOW  |clk_BUFGP         |   0.000|
data<5>         |   -0.175(R)|      FAST  |    1.340(R)|      SLOW  |clk_BUFGP         |   0.000|
data<6>         |   -0.199(R)|      FAST  |    1.356(R)|      SLOW  |clk_BUFGP         |   0.000|
data<7>         |   -0.282(R)|      FAST  |    1.466(R)|      SLOW  |clk_BUFGP         |   0.000|
data<8>         |   -0.230(R)|      FAST  |    1.397(R)|      SLOW  |clk_BUFGP         |   0.000|
data<9>         |   -0.231(R)|      FAST  |    1.401(R)|      SLOW  |clk_BUFGP         |   0.000|
data<10>        |   -0.284(R)|      FAST  |    1.455(R)|      SLOW  |clk_BUFGP         |   0.000|
data<11>        |   -0.327(R)|      FAST  |    1.531(R)|      SLOW  |clk_BUFGP         |   0.000|
data<12>        |   -0.336(R)|      FAST  |    1.510(R)|      SLOW  |clk_BUFGP         |   0.000|
data<13>        |   -0.367(R)|      FAST  |    1.541(R)|      SLOW  |clk_BUFGP         |   0.000|
data<14>        |   -0.369(R)|      FAST  |    1.539(R)|      SLOW  |clk_BUFGP         |   0.000|
data<15>        |   -0.377(R)|      FAST  |    1.558(R)|      SLOW  |clk_BUFGP         |   0.000|
data<16>        |   -0.489(R)|      FAST  |    1.701(R)|      SLOW  |clk_BUFGP         |   0.000|
data<17>        |   -0.475(R)|      FAST  |    1.665(R)|      SLOW  |clk_BUFGP         |   0.000|
data<18>        |   -0.525(R)|      FAST  |    1.718(R)|      SLOW  |clk_BUFGP         |   0.000|
data<19>        |   -0.486(R)|      FAST  |    1.686(R)|      SLOW  |clk_BUFGP         |   0.000|
data<20>        |   -0.364(R)|      FAST  |    1.564(R)|      SLOW  |clk_BUFGP         |   0.000|
data<21>        |   -0.381(R)|      FAST  |    1.579(R)|      SLOW  |clk_BUFGP         |   0.000|
data<22>        |   -0.396(R)|      FAST  |    1.595(R)|      SLOW  |clk_BUFGP         |   0.000|
data<23>        |   -0.354(R)|      FAST  |    1.555(R)|      SLOW  |clk_BUFGP         |   0.000|
data<24>        |   -0.450(R)|      FAST  |    1.665(R)|      SLOW  |clk_BUFGP         |   0.000|
data<25>        |    0.577(R)|      FAST  |    0.436(R)|      SLOW  |clk_BUFGP         |   0.000|
data<26>        |    0.623(R)|      FAST  |    0.399(R)|      SLOW  |clk_BUFGP         |   0.000|
data<27>        |    0.556(R)|      FAST  |    0.480(R)|      SLOW  |clk_BUFGP         |   0.000|
data<28>        |   -0.277(R)|      FAST  |    1.429(R)|      SLOW  |clk_BUFGP         |   0.000|
data<29>        |   -0.291(R)|      FAST  |    1.447(R)|      SLOW  |clk_BUFGP         |   0.000|
data<30>        |   -0.289(R)|      FAST  |    1.452(R)|      SLOW  |clk_BUFGP         |   0.000|
data<31>        |   -0.333(R)|      FAST  |    1.509(R)|      SLOW  |clk_BUFGP         |   0.000|
data<32>        |   -0.004(R)|      FAST  |    1.126(R)|      SLOW  |clk_BUFGP         |   0.000|
data<33>        |   -0.022(R)|      FAST  |    1.145(R)|      SLOW  |clk_BUFGP         |   0.000|
data<34>        |   -0.017(R)|      FAST  |    1.131(R)|      SLOW  |clk_BUFGP         |   0.000|
data<35>        |   -0.099(R)|      FAST  |    1.257(R)|      SLOW  |clk_BUFGP         |   0.000|
data<36>        |   -0.293(R)|      FAST  |    1.467(R)|      SLOW  |clk_BUFGP         |   0.000|
data<37>        |   -0.276(R)|      FAST  |    1.455(R)|      SLOW  |clk_BUFGP         |   0.000|
data<38>        |   -0.234(R)|      FAST  |    1.401(R)|      SLOW  |clk_BUFGP         |   0.000|
data<39>        |   -0.366(R)|      FAST  |    1.560(R)|      SLOW  |clk_BUFGP         |   0.000|
data<40>        |   -0.287(R)|      FAST  |    1.467(R)|      SLOW  |clk_BUFGP         |   0.000|
data<41>        |   -0.350(R)|      FAST  |    1.522(R)|      SLOW  |clk_BUFGP         |   0.000|
data<42>        |   -0.367(R)|      FAST  |    1.544(R)|      SLOW  |clk_BUFGP         |   0.000|
data<43>        |   -0.385(R)|      FAST  |    1.580(R)|      SLOW  |clk_BUFGP         |   0.000|
data<44>        |   -0.314(R)|      FAST  |    1.495(R)|      SLOW  |clk_BUFGP         |   0.000|
data<45>        |   -0.344(R)|      FAST  |    1.527(R)|      SLOW  |clk_BUFGP         |   0.000|
data<46>        |   -0.348(R)|      FAST  |    1.538(R)|      SLOW  |clk_BUFGP         |   0.000|
data<47>        |   -0.411(R)|      FAST  |    1.612(R)|      SLOW  |clk_BUFGP         |   0.000|
data<48>        |   -0.407(R)|      FAST  |    1.607(R)|      SLOW  |clk_BUFGP         |   0.000|
data<49>        |   -0.430(R)|      FAST  |    1.629(R)|      SLOW  |clk_BUFGP         |   0.000|
data<50>        |   -0.401(R)|      FAST  |    1.586(R)|      SLOW  |clk_BUFGP         |   0.000|
data<51>        |   -0.476(R)|      FAST  |    1.695(R)|      SLOW  |clk_BUFGP         |   0.000|
data<52>        |   -0.139(R)|      FAST  |    1.307(R)|      SLOW  |clk_BUFGP         |   0.000|
data<53>        |   -0.186(R)|      FAST  |    1.349(R)|      SLOW  |clk_BUFGP         |   0.000|
data<54>        |   -0.281(R)|      FAST  |    1.465(R)|      SLOW  |clk_BUFGP         |   0.000|
data<55>        |   -0.282(R)|      FAST  |    1.482(R)|      SLOW  |clk_BUFGP         |   0.000|
data<56>        |   -0.428(R)|      FAST  |    1.632(R)|      SLOW  |clk_BUFGP         |   0.000|
data<57>        |   -0.462(R)|      FAST  |    1.663(R)|      SLOW  |clk_BUFGP         |   0.000|
data<58>        |   -0.461(R)|      FAST  |    1.662(R)|      SLOW  |clk_BUFGP         |   0.000|
data<59>        |   -0.454(R)|      FAST  |    1.660(R)|      SLOW  |clk_BUFGP         |   0.000|
data<60>        |   -0.448(R)|      FAST  |    1.650(R)|      SLOW  |clk_BUFGP         |   0.000|
data<61>        |   -0.450(R)|      FAST  |    1.656(R)|      SLOW  |clk_BUFGP         |   0.000|
data<62>        |   -0.478(R)|      FAST  |    1.704(R)|      SLOW  |clk_BUFGP         |   0.000|
data<63>        |   -0.437(R)|      FAST  |    1.646(R)|      SLOW  |clk_BUFGP         |   0.000|
debug_address<0>|    1.211(R)|      SLOW  |    0.623(R)|      SLOW  |clk_BUFGP         |   0.000|
debug_address<1>|    1.397(R)|      SLOW  |    0.517(R)|      SLOW  |clk_BUFGP         |   0.000|
debug_address<2>|    1.255(R)|      SLOW  |    0.627(R)|      SLOW  |clk_BUFGP         |   0.000|
debug_address<3>|    1.356(R)|      SLOW  |    0.573(R)|      SLOW  |clk_BUFGP         |   0.000|
debug_address<4>|    1.343(R)|      SLOW  |    0.776(R)|      SLOW  |clk_BUFGP         |   0.000|
debug_address<5>|    1.194(R)|      SLOW  |    0.781(R)|      SLOW  |clk_BUFGP         |   0.000|
debug_address<6>|    1.217(R)|      SLOW  |    0.738(R)|      SLOW  |clk_BUFGP         |   0.000|
debug_init      |    0.381(R)|      FAST  |    0.775(R)|      SLOW  |clk_BUFGP         |   0.000|
debug_read      |    0.688(R)|      FAST  |    0.623(R)|      SLOW  |clk_BUFGP         |   0.000|
rst_n           |    3.687(R)|      SLOW  |    0.866(R)|      SLOW  |clk_BUFGP         |   0.000|
sos             |   -0.059(R)|      FAST  |    1.211(R)|      SLOW  |clk_BUFGP         |   0.000|
----------------+------------+------------+------------+------------+------------------+--------+

Clock clk to Pad
--------------+-----------------+------------+-----------------+------------+------------------+--------+
              |Max (slowest) clk|  Process   |Min (fastest) clk|  Process   |                  | Clock  |
Destination   |  (edge) to PAD  |   Corner   |  (edge) to PAD  |   Corner   |Internal Clock(s) | Phase  |
--------------+-----------------+------------+-----------------+------------+------------------+--------+
debug_ack     |         6.630(R)|      SLOW  |         3.548(R)|      FAST  |clk_BUFGP         |   0.000|
debug_data<0> |         7.705(R)|      SLOW  |         3.740(R)|      FAST  |clk_BUFGP         |   0.000|
debug_data<1> |         7.782(R)|      SLOW  |         3.783(R)|      FAST  |clk_BUFGP         |   0.000|
debug_data<2> |         7.804(R)|      SLOW  |         3.793(R)|      FAST  |clk_BUFGP         |   0.000|
debug_data<3> |         7.710(R)|      SLOW  |         3.742(R)|      FAST  |clk_BUFGP         |   0.000|
debug_data<4> |         7.671(R)|      SLOW  |         3.713(R)|      FAST  |clk_BUFGP         |   0.000|
debug_data<5> |         7.963(R)|      SLOW  |         3.870(R)|      FAST  |clk_BUFGP         |   0.000|
debug_data<6> |         7.874(R)|      SLOW  |         3.867(R)|      FAST  |clk_BUFGP         |   0.000|
debug_data<7> |         7.693(R)|      SLOW  |         3.729(R)|      FAST  |clk_BUFGP         |   0.000|
debug_data<8> |         7.792(R)|      SLOW  |         3.783(R)|      FAST  |clk_BUFGP         |   0.000|
debug_data<9> |         7.879(R)|      SLOW  |         3.829(R)|      FAST  |clk_BUFGP         |   0.000|
debug_data<10>|         8.012(R)|      SLOW  |         3.903(R)|      FAST  |clk_BUFGP         |   0.000|
debug_data<11>|         8.001(R)|      SLOW  |         3.941(R)|      FAST  |clk_BUFGP         |   0.000|
debug_data<12>|         7.993(R)|      SLOW  |         3.890(R)|      FAST  |clk_BUFGP         |   0.000|
debug_data<13>|         8.005(R)|      SLOW  |         3.897(R)|      FAST  |clk_BUFGP         |   0.000|
debug_data<14>|         7.974(R)|      SLOW  |         3.925(R)|      FAST  |clk_BUFGP         |   0.000|
debug_data<15>|         8.169(R)|      SLOW  |         4.059(R)|      FAST  |clk_BUFGP         |   0.000|
--------------+-----------------+------------+-----------------+------------+------------------+--------+

Clock to Setup on destination clock clk
---------------+---------+---------+---------+---------+
               | Src:Rise| Src:Fall| Src:Rise| Src:Fall|
Source Clock   |Dest:Rise|Dest:Rise|Dest:Fall|Dest:Fall|
---------------+---------+---------+---------+---------+
clk            |    4.032|         |         |         |
---------------+---------+---------+---------+---------+


Analysis completed Mon Jan  9 20:23:55 2017 
--------------------------------------------------------------------------------

Trace Settings:
-------------------------
Trace Settings 

Peak Memory Usage: 595 MB



